<?xml version="1.0" encoding="UTF-8"?>
<!-- Generated by org.testng.reporters.JUnitReportReporter -->
<testsuite hostname="LIN80024122" failures="0" tests="1" name="testCases.TC001_AccountRegistrationTest" time="4.633" errors="0" timestamp="2025-03-03T15:46:41 IST" skipped="0">
  <testcase classname="testCases.TC001_AccountRegistrationTest" name="verify_account_registration" time="4.633"/>
</testsuite> <!-- testCases.TC001_AccountRegistrationTest -->
